[debug] [2026-06-06T12:46:50.286Z] ----------------------------------------------------------------------
[debug] [2026-06-06T12:46:50.295Z] Command:       /nix/store/ws50yvm6vzlzf7jzz6n7xh4szddrack1-nodejs-20.19.1/bin/node /nix/store/gm9mcvzb17vv8cla08khrg29vxn3sq4r-firebase-tools-15.1.0/lib/node_modules/firebase-tools/lib/bin/firebase.js init hosting
[debug] [2026-06-06T12:46:50.298Z] CLI Version:   15.1.0
[debug] [2026-06-06T12:46:50.298Z] Platform:      linux
[debug] [2026-06-06T12:46:50.298Z] Node Version:  v20.19.1
[debug] [2026-06-06T12:46:50.298Z] Time:          Sat Jun 06 2026 12:46:50 GMT+0000 (Coordinated Universal Time)
[debug] [2026-06-06T12:46:50.299Z] ----------------------------------------------------------------------
[debug] 
[debug] [2026-06-06T12:46:54.059Z] Checked if tokens are valid: true, expires at: 1780753605988
[debug] [2026-06-06T12:46:54.063Z] Checked if tokens are valid: true, expires at: 1780753605988
[debug] [2026-06-06T12:46:54.072Z] >>> [apiv2][query] GET https://monospace-pa.googleapis.com/v1/workspaces/taitucbaohiem-5358705 [none]
[debug] [2026-06-06T12:46:55.107Z] <<< [apiv2][status] GET https://monospace-pa.googleapis.com/v1/workspaces/taitucbaohiem-5358705 200
[debug] [2026-06-06T12:46:55.108Z] <<< [apiv2][body] GET https://monospace-pa.googleapis.com/v1/workspaces/taitucbaohiem-5358705 {"workspaceId":"taitucbaohiem-5358705","name":"taitucbaohiem","workspaceRedirectUrl":"idx-taitucbaohiem-1727647453626.cluster-3g4scxt2njdd6uovkqyfcabgo6.cloudworkstations.dev","status":"WORKSPACE_STATUS_RUNNING","lastAccessDatetime":"2026-06-06T12:45:52.919727Z","workspaceTemplate":"WORKSPACE_TEMPLATE_BLANK_WEB","owner":"SELF","serviceAccountEmail":"msp-4780475943032320237@monospace-362420.iam.gserviceaccount.com","gitRepoUrl":"https://github.com/longzip/taitucbaohiem","enableNix":true,"ownerEmail":"teracoxetai@gmail.com","workstationAccessToken":"eyJhbGciOiJSUzI1NiIsInR5cCI6IkpXVCJ9.eyJpc3MiOiJodHRwczovL2Nsb3VkLmdvb2dsZS5jb20vd29ya3N0YXRpb25zIiwiYXVkIjoiaWR4LXRhaXR1Y2Jhb2hpZW0tMTcyNzY0NzQ1MzYyNi5jbHVzdGVyLTNnNHNjeHQybmpkZDZ1b3ZrcXlmY2FiZ282LmNsb3Vkd29ya3N0YXRpb25zLmRldiIsImlhdCI6MTc4MDc1MDAxNSwiZXhwIjoxNzgwODM2NDE0fQ.hU4GOAZEJpd0KG7rkF_NfzIy3UbvuQWBHBOMrXo62k3v-3lLABe5_shj1y5-o7GzgX8NqoMsY4SmI7ene01O2NRnnSlmBmv2sCIBRmMc-Pto4yell_FDt7uJFa2uAyNqUtkIQDvL4kS2WzVs050msuLrt9Qrpdg9nl_i4c1lpWCK_FhJmA_Y_OCcdxLKt0V4OMMh9mH7GPf5J6ItWxbW_niX2lei_4nfq1q6w77Yb25XMIdKq3owCYw0RpsllFXfrmb6fjJXYk8n1Q2UKaIBf8AqkLCbpCOAGNu1nxMw-gqeUMN6G4Bs-NE4ib7r2BEBTYfzOjG-Muh7U3y59hoH1g","firebaseProjectId":"taitucbaohiem-5358705-67a82"}
[info] 
     ######## #### ########  ######## ########     ###     ######  ########
     ##        ##  ##     ## ##       ##     ##  ##   ##  ##       ##
     ######    ##  ########  ######   ########  #########  ######  ######
     ##        ##  ##    ##  ##       ##     ## ##     ##       ## ##
     ##       #### ##     ## ######## ########  ##     ##  ######  ########

You're about to initialize a Firebase project in this directory:

  /home/user/taitucbaohiem

Before we get started, keep in mind:

  * You are initializing within an existing Firebase project directory

[info] 
=== Project Setup
[info] 
[info] First, let's associate this project directory with a Firebase project.
[info] You can create multiple project aliases by running firebase use --add, 
[info] 
[debug] [2026-06-06T12:46:55.114Z] > command requires scopes: ["email","openid","https://www.googleapis.com/auth/cloudplatformprojects.readonly","https://www.googleapis.com/auth/firebase","https://www.googleapis.com/auth/cloud-platform","https://www.googleapis.com/auth/userinfo.email"]
[debug] [2026-06-06T12:46:55.114Z] > authorizing via signed-in user (teracoxetai@gmail.com)
[debug] [2026-06-06T12:46:55.115Z] Checked if tokens are valid: true, expires at: 1780753605988
[debug] [2026-06-06T12:46:55.115Z] Checked if tokens are valid: true, expires at: 1780753605988
[debug] [2026-06-06T12:46:55.115Z] >>> [apiv2][query] GET https://firebase.googleapis.com/v1beta1/projects/taitucbaohiem-5358705-67a82 [none]
[debug] [2026-06-06T12:46:55.390Z] <<< [apiv2][status] GET https://firebase.googleapis.com/v1beta1/projects/taitucbaohiem-5358705-67a82 200
[debug] [2026-06-06T12:46:55.391Z] <<< [apiv2][body] GET https://firebase.googleapis.com/v1beta1/projects/taitucbaohiem-5358705-67a82 {"projectId":"taitucbaohiem-5358705-67a82","projectNumber":"292027054414","displayName":"Firebase app","name":"projects/taitucbaohiem-5358705-67a82","resources":{"hostingSite":"taitucbaohiem-5358705-67a82"},"state":"ACTIVE","etag":"1_b713199c-887c-4ee4-a391-902bac066e95"}
[info] i  Using project taitucbaohiem-5358705-67a82 (Firebase app) . 
[info] 
=== Hosting Setup
[debug] [2026-06-06T12:46:55.406Z] Checked if tokens are valid: true, expires at: 1780753605988
[debug] [2026-06-06T12:46:55.406Z] Checked if tokens are valid: true, expires at: 1780753605988
[debug] [2026-06-06T12:46:55.406Z] >>> [apiv2][query] GET https://firebase.googleapis.com/v1beta1/projects/taitucbaohiem-5358705-67a82 [none]
[debug] [2026-06-06T12:46:55.700Z] <<< [apiv2][status] GET https://firebase.googleapis.com/v1beta1/projects/taitucbaohiem-5358705-67a82 200
[debug] [2026-06-06T12:46:55.700Z] <<< [apiv2][body] GET https://firebase.googleapis.com/v1beta1/projects/taitucbaohiem-5358705-67a82 {"projectId":"taitucbaohiem-5358705-67a82","projectNumber":"292027054414","displayName":"Firebase app","name":"projects/taitucbaohiem-5358705-67a82","resources":{"hostingSite":"taitucbaohiem-5358705-67a82"},"state":"ACTIVE","etag":"1_b713199c-887c-4ee4-a391-902bac066e95"}
